{"C:\\Users\\vifra\\Raphael\\Estudo\\api-typescript\\src\\controllers\\data.controller.ts": {"path":"C:\\Users\\vifra\\Raphael\\Estudo\\api-typescript\\src\\controllers\\data.controller.ts","statementMap":{"0":{"start":{"line":4,"column":0},"end":{"line":4,"column":7}},"1":{"start":{"line":9,"column":0},"end":{"line":9,"column":7}},"2":{"start":{"line":2,"column":0},"end":{"line":2,"column":66}},"3":{"start":{"line":5,"column":15},"end":{"line":5,"column":35}},"4":{"start":{"line":6,"column":2},"end":{"line":6,"column":73}},"5":{"start":{"line":10,"column":16},"end":{"line":10,"column":31}},"6":{"start":{"line":11,"column":2},"end":{"line":12,"column":63}},"7":{"start":{"line":12,"column":4},"end":{"line":12,"column":63}},"8":{"start":{"line":14,"column":2},"end":{"line":22,"column":3}},"9":{"start":{"line":15,"column":4},"end":{"line":15,"column":26}},"10":{"start":{"line":16,"column":4},"end":{"line":16,"column":60}},"11":{"start":{"line":18,"column":4},"end":{"line":20,"column":5}},"12":{"start":{"line":19,"column":6},"end":{"line":19,"column":86}},"13":{"start":{"line":21,"column":4},"end":{"line":21,"column":66}}},"fnMap":{"0":{"name":"getData","decl":{"start":{"line":4,"column":22},"end":{"line":4,"column":29}},"loc":{"start":{"line":4,"column":57},"end":{"line":7,"column":1}}},"1":{"name":"postData","decl":{"start":{"line":9,"column":22},"end":{"line":9,"column":30}},"loc":{"start":{"line":9,"column":58},"end":{"line":23,"column":1}}}},"branchMap":{"0":{"loc":{"start":{"line":11,"column":2},"end":{"line":12,"column":63}},"type":"if","locations":[{"start":{"line":11,"column":2},"end":{"line":12,"column":63}},{"start":{},"end":{}}]},"1":{"loc":{"start":{"line":11,"column":6},"end":{"line":11,"column":47}},"type":"binary-expr","locations":[{"start":{"line":11,"column":6},"end":{"line":11,"column":31}},{"start":{"line":11,"column":35},"end":{"line":11,"column":47}}]},"2":{"loc":{"start":{"line":18,"column":4},"end":{"line":20,"column":5}},"type":"if","locations":[{"start":{"line":18,"column":4},"end":{"line":20,"column":5}},{"start":{},"end":{}}]}},"s":{"0":1,"1":1,"2":1,"3":1,"4":1,"5":4,"6":4,"7":1,"8":3,"9":3,"10":1,"11":2,"12":1,"13":1},"f":{"0":1,"1":4},"b":{"0":[1,3],"1":[4,3],"2":[1,1]}}
}
